Arguments: 
  D:\NOe js\node.exe C:\Users\Masud\AppData\Roaming\npm\node_modules\yarn\bin\yarn.js install

PATH: 
  C:\Users\Masud\bin;C:\Program Files\Git\mingw64\bin;C:\Program Files\Git\usr\local\bin;C:\Program Files\Git\usr\bin;C:\Program Files\Git\usr\bin;C:\Program Files\Git\mingw64\bin;C:\Program Files\Git\usr\bin;C:\Users\Masud\bin;C:\ProgramData\Oracle\Java\javapath;C:\WINDOWS\system32;C:\WINDOWS;C:\WINDOWS\System32\Wbem;C:\WINDOWS\System32\WindowsPowerShell\v1.0;C:\WINDOWS\System32\OpenSSH;C:\Program Files\Microsoft SQL Server\Client SDK\ODBC\110\Tools\Binn;C:\Program Files (x86)\Microsoft SQL Server\120\Tools\Binn;C:\Program Files\Microsoft SQL Server\120\Tools\Binn;C:\Program Files\Microsoft SQL Server\120\DTS\Binn;C:\Program Files (x86)\Microsoft SQL Server\120\Tools\Binn\ManagementStudio;C:\Program Files (x86)\Microsoft SQL Server\120\DTS\Binn;C:\Program Files\Git\cmd;C:\xampp\php;C:\ProgramData\ComposerSetup\bin;D:\NOe js;C:\Users\Masud\AppData\Local\Programs\Python\Python37-32\Scripts;C:\Users\Masud\AppData\Local\Programs\Python\Python37-32;C:\Users\Masud\AppData\Local\Microsoft\WindowsApps;C:\Program Files\JetBrains\PyCharm Community Edition 2018.3.4\bin;C:\Users\Masud\AppData\Local\Programs\Microsoft VS Code\bin;C:\Users\Masud\AppData\Roaming\Composer\vendor\bin;C:\Program Files\JetBrains\PhpStorm 2020.2.2\bin;C:\Users\Masud\AppData\Roaming\npm;C:\Program Files\Git\usr\bin\vendor_perl;C:\Program Files\Git\usr\bin\core_perl

Yarn version: 
  1.22.10

Node version: 
  14.16.0

Platform: 
  win32 x64

Trace: 
  Error: https://registry.yarnpkg.com/@firebase/firestore/-/firestore-2.3.8.tgz: ESOCKETTIMEDOUT
      at ClientRequest.<anonymous> (C:\Users\Masud\AppData\Roaming\npm\node_modules\yarn\lib\cli.js:141289:19)
      at Object.onceWrapper (events.js:421:28)
      at ClientRequest.emit (events.js:315:20)
      at TLSSocket.emitRequestTimeout (_http_client.js:784:9)
      at Object.onceWrapper (events.js:421:28)
      at TLSSocket.emit (events.js:327:22)
      at TLSSocket.Socket._onTimeout (net.js:483:8)
      at listOnTimeout (internal/timers.js:554:17)
      at processTimers (internal/timers.js:497:7)

npm manifest: 
  {
    "name": "notus-react",
    "version": "1.1.0",
    "description": "Notus React - A free Tailwind CSS and React UI Kit and Admin by Creative Tim.",
    "repository": "https://github.com/creativetimofficial/notus-react",
    "license": "MIT",
    "dependencies": {
      "@fortawesome/fontawesome-free": "5.15.3",
      "@popperjs/core": "2.9.1",
      "@tailwindcss/forms": "0.2.1",
      "autoprefixer": "10.2.5",
      "chart.js": "2.9.4",
      "firebase": "^8.4.3",
      "gulp": "4.0.2",
      "gulp-append-prepend": "1.0.8",
      "postcss": "8.2.8",
      "react": "17.0.1",
      "react-dom": "17.0.1",
      "react-lorem-ipsum": "^1.4.9",
      "react-router": "5.2.0",
      "react-router-dom": "5.2.0",
      "react-scripts": "4.0.3",
      "tailwind-scrollbar-hide": "^1.0.3",
      "tailwindcss": "2.0.4"
    },
    "scripts": {
      "start": "react-scripts start",
      "build": "react-scripts build && gulp licenses",
      "test": "react-scripts test",
      "eject": "react-scripts eject",
      "install:clean": "rm -rf node_modules/ && rm -rf package-lock.json && npm install && npm run build:tailwind && npm start",
      "build:tailwind": "tailwind build src/assets/styles/index.css -o src/assets/styles/tailwind.css"
    },
    "eslintConfig": {
      "extends": "react-app"
    },
    "browserslist": {
      "production": [
        ">0.2%",
        "not dead",
        "not op_mini all"
      ],
      "development": [
        "last 1 chrome version",
        "last 1 firefox version",
        "last 1 safari version"
      ]
    },
    "optionalDependencies": {
      "typescript": "4.2.3"
    }
  }

yarn manifest: 
  No manifest

Lockfile: 
  No lockfile
